Arguments: 
  C:\Program Files\nodejs\node.exe C:\Users\Kongou\AppData\Roaming\npm\node_modules\yarn\bin\yarn.js add @types/serpapi

PATH: 
  C:\Program Files\WindowsApps\Microsoft.PowerShell_7.3.4.0_x64__8wekyb3d8bbwe;C:\Python311\Scripts\;C:\Python311\;C:\WINDOWS\system32;C:\WINDOWS;C:\WINDOWS\System32\Wbem;C:\WINDOWS\System32\WindowsPowerShell\v1.0\;C:\WINDOWS\System32\OpenSSH\;C:\Program Files\NVIDIA Corporation\NVIDIA NvDLISR;C:\Program Files (x86)\NVIDIA Corporation\PhysX\Common;C:\ProgramData\chocolatey\bin;C:\Program Files\Git\cmd;C:\Program Files\Microsoft SQL Server\150\Tools\Binn\;C:\Program Files\Microsoft SQL Server\Client SDK\ODBC\170\Tools\Binn\;C:\Program Files (x86)\Microsoft SQL Server\160\Tools\Binn\;C:\Program Files\Microsoft SQL Server\160\Tools\Binn\;C:\Program Files\Microsoft SQL Server\160\DTS\Binn\;C:\Program Files (x86)\Microsoft SQL Server\160\DTS\Binn\;C:\Program Files\Azure Data Studio\bin;C:\Program Files\Go\bin;C:\Program Files\dotnet\;C:\Program Files\Docker\Docker\resources\bin;C:\Users\Kongou\mongosh-1.8.0-win32-x64\bin;C:\Program Files\MongoDB\Server\6.0\bin;C:\Program Files\Cloudflare\Cloudflare WARP\;C:\Program Files\Java\jdk-17\bin;C:\Users\Kongou\AppData\Roaming\nvm;C:\Program Files\nodejs;C:\Users\Kongou\Downloads\Compressed\mongodb-database-tools-windows-x86_64-100.7.0\mongodb-database-tools-windows-x86_64-100.7.0\bin;C:\Users\Kongou\AppData\Local\Programs\Eclipse Adoptium\jdk-17.0.6.10-hotspot\bin;C:\Users\Kongou\.console-ninja\.bin;C:\Users\Kongou\AppData\Local\Microsoft\WindowsApps;C:\Users\Kongou\AppData\Local\Programs\Microsoft VS Code\bin;C:\Users\Kongou\AppData\Roaming\npm;C:\Program Files\Azure Data Studio\bin;C:\Users\Kongou\go\bin;C:\Users\Kongou\.dotnet\tools;C:\Users\Kongou\AppData\Roaming\nvm;C:\Program Files\nodejs

Yarn version: 
  1.22.19

Node version: 
  20.2.0

Platform: 
  win32 x64

Trace: 
  Error: https://registry.yarnpkg.com/@types%2fserpapi: Not found
      at params.callback [as _callback] (C:\Users\Kongou\AppData\Roaming\npm\node_modules\yarn\lib\cli.js:66145:18)
      at self.callback (C:\Users\Kongou\AppData\Roaming\npm\node_modules\yarn\lib\cli.js:140890:22)
      at Request.emit (node:events:511:28)
      at Request.<anonymous> (C:\Users\Kongou\AppData\Roaming\npm\node_modules\yarn\lib\cli.js:141862:10)
      at Request.emit (node:events:511:28)
      at IncomingMessage.<anonymous> (C:\Users\Kongou\AppData\Roaming\npm\node_modules\yarn\lib\cli.js:141784:12)
      at Object.onceWrapper (node:events:625:28)
      at IncomingMessage.emit (node:events:523:35)
      at endReadableNT (node:internal/streams/readable:1367:12)
      at process.processTicksAndRejections (node:internal/process/task_queues:82:21)

npm manifest: 
  {
    "name": "crawl-tool",
    "version": "1.0.0",
    "description": "",
    "main": "index.js",
    "type": "module",
    "scripts": {
      "test": "echo \"Error: no test specified\" && exit 1",
      "start": "node index.js"
    },
    "author": "",
    "license": "ISC",
    "dependencies": {
      "csv-writer": "^1.6.0",
      "google-search-results-nodejs": "^2.1.0"
    }
  }

yarn manifest: 
  No manifest

Lockfile: 
  # THIS IS AN AUTOGENERATED FILE. DO NOT EDIT THIS FILE DIRECTLY.
  # yarn lockfile v1
  
  
  csv-writer@^1.6.0:
    version "1.6.0"
    resolved "https://registry.yarnpkg.com/csv-writer/-/csv-writer-1.6.0.tgz#d0cea44b6b4d7d3baa2ecc6f3f7209233514bcf9"
    integrity sha512-NOx7YDFWEsM/fTRAJjRpPp8t+MKRVvniAg9wQlUKx20MFrPs73WLJhFf5iteqrxNYnsy924K3Iroh3yNHeYd2g==
  
  google-search-results-nodejs@^2.1.0:
    version "2.1.0"
    resolved "https://registry.yarnpkg.com/google-search-results-nodejs/-/google-search-results-nodejs-2.1.0.tgz#f5870306e62a6590e135655d3b4a870057f3eada"
    integrity sha512-7jEAoAV/Ful7Q2BxrYrkOst14aqwUvkEUwlRBrYATUylpp/bf3uE9lDgyk9brqbDt61hA2xkAm2sog9orHImVw==
